<?xml version="1.0" encoding="UTF-8"?>
<!-- Generated by org.testng.reporters.JUnitReportReporter -->
<testsuite hostname="DESKTOP-9TMENTA" failures="0" tests="4" name="runner.runfile" time="0.170" errors="0" timestamp="2022-10-03T18:28:57 IST" skipped="0">
  <testcase classname="runner.runfile" name="runScenario" time="0.008"/>
  <system-out/>
  <testcase classname="runner.runfile" name="runScenario" time="0.010"/>
  <system-out/>
  <testcase classname="runner.runfile" name="runScenario" time="0.008"/>
  <system-out/>
  <testcase classname="runner.runfile" name="runScenario" time="0.144"/>
  <system-out/>
</testsuite> <!-- runner.runfile -->
